<?xml version="1.0" encoding="UTF-8"?>
<testsuite name="SomeTests" tests="1" skipped="0" failures="0" errors="0" timestamp="2021-04-09T14:56:22" hostname="NB-845ABA" time="0.069">
  <properties/>
  <testcase name="anotherTwoTest()" classname="SomeTests" time="0.069"/>
  <system-out><![CDATA[?[0;33m1
Element Local Name:?[0;34mPromotion
Text:?[0;32mPromotion
?[0;35mFucking shit
?[0;35mFucking shit
?[0;33m1
Element Local Name:?[0;34mLanguages
Text:?[0;32mLanguages
?[0;35mFucking shit
?[0;35mFucking shit
?[0;33m1
Element Local Name:?[0;34mLanguage
Text:?[0;32mLanguage
?[0;35mFucking shit
?[0;35mFucking shit
?[0;33m1
Element Local Name:?[0;34mName
Text:?[0;32mName
?[0;35mFucking shit
?[0;35mFucking shit
?[0;35mFucking shit
?[0;35mFucking shit
?[0;35mFucking shit
?[0;35mFucking shit
?[0;35mFucking shit
?[0;35mFucking shit
?[0;35mFucking shit
?[0;35mFucking shit
?[0;35mFucking shit
?[0;35mFucking shit
?[0;35mFucking shit
?[0;35mFucking shit
?[0;35mFucking shit
?[0;35mFucking shit
?[0;35mFucking shit
?[0;35mFucking shit
?[0;35mFucking shit
?[0;35mFucking shit
?[0;35mFucking shit
?[0;35mFucking shit
?[0;35mFucking shit
?[0;35mFucking shit
?[0;35mFucking shit
?[0;35mFucking shit
?[0;35mFucking shit
?[0;35mFucking shit
?[0;35mFucking shit
?[0;35mFucking shit
?[0;35mFucking shit
?[0;35mFucking shit
?[0;35mFucking shit
?[0;35mFucking shit
?[0;35mFucking shit
?[0;35mFucking shit
?[0;35mFucking shit
?[0;35mFucking shit
?[0;35mFucking shit
?[0;35mFucking shit
?[0;35mFucking shit
?[0;35mFucking shit
?[0;35mFucking shit
?[0;35mFucking shit
?[0;35mFucking shit
?[0;35mFucking shit
?[0;35mFucking shit
?[0;35mFucking shit
?[0;35mFucking shit
?[0;35mFucking shit
?[0;33m1
Element Local Name:?[0;34mShortDescription
Text:?[0;32mShortDescription
?[0;35mFucking shit
?[0;35mFucking shit
?[0;35mFucking shit
?[0;35mFucking shit
?[0;35mFucking shit
?[0;35mFucking shit
?[0;35mFucking shit
?[0;35mFucking shit
?[0;35mFucking shit
?[0;35mFucking shit
?[0;35mFucking shit
?[0;35mFucking shit
?[0;35mFucking shit
?[0;35mFucking shit
?[0;35mFucking shit
?[0;35mFucking shit
?[0;35mFucking shit
?[0;35mFucking shit
?[0;35mFucking shit
?[0;35mFucking shit
?[0;35mFucking shit
?[0;35mFucking shit
?[0;35mFucking shit
?[0;35mFucking shit
?[0;35mFucking shit
?[0;35mFucking shit
?[0;35mFucking shit
?[0;35mFucking shit
?[0;35mFucking shit
?[0;35mFucking shit
?[0;35mFucking shit
?[0;35mFucking shit
?[0;35mFucking shit
?[0;35mFucking shit
?[0;35mFucking shit
?[0;35mFucking shit
?[0;35mFucking shit
?[0;35mFucking shit
?[0;35mFucking shit
?[0;35mFucking shit
?[0;35mFucking shit
?[0;35mFucking shit
?[0;35mFucking shit
?[0;35mFucking shit
?[0;35mFucking shit
?[0;35mFucking shit
?[0;35mFucking shit
?[0;35mFucking shit
?[0;35mFucking shit
?[0;35mFucking shit
?[0;33m1
Element Local Name:?[0;34mLongDescription
Text:?[0;32mLongDescription
?[0;35mFucking shit
?[0;35mFucking shit
?[0;35mFucking shit
?[0;35mFucking shit
?[0;35mFucking shit
?[0;35mFucking shit
?[0;35mFucking shit
?[0;35mFucking shit
?[0;35mFucking shit
?[0;35mFucking shit
?[0;35mFucking shit
?[0;35mFucking shit
?[0;35mFucking shit
?[0;35mFucking shit
?[0;35mFucking shit
?[0;35mFucking shit
?[0;35mFucking shit
?[0;35mFucking shit
?[0;35mFucking shit
?[0;35mFucking shit
?[0;35mFucking shit
?[0;35mFucking shit
?[0;35mFucking shit
?[0;35mFucking shit
?[0;35mFucking shit
?[0;35mFucking shit
?[0;35mFucking shit
?[0;35mFucking shit
?[0;35mFucking shit
?[0;35mFucking shit
?[0;35mFucking shit
?[0;35mFucking shit
?[0;35mFucking shit
?[0;35mFucking shit
?[0;35mFucking shit
?[0;35mFucking shit
?[0;35mFucking shit
?[0;35mFucking shit
?[0;35mFucking shit
?[0;35mFucking shit
?[0;35mFucking shit
?[0;35mFucking shit
?[0;35mFucking shit
?[0;35mFucking shit
?[0;35mFucking shit
?[0;35mFucking shit
?[0;35mFucking shit
?[0;35mFucking shit
?[0;35mFucking shit
?[0;35mFucking shit
?[0;35mFucking shit
?[0;35mFucking shit
?[0;35mFucking shit
?[0;35mFucking shit
?[0;33m1
Element Local Name:?[0;34mConditions
Text:?[0;32mConditions
?[0;35mFucking shit
?[0;35mFucking shit
?[0;33m1
Element Local Name:?[0;34mProductSet
Text:?[0;32mProductSet
?[0;35mFucking shit
?[0;35mFucking shit
?[0;35mFucking shit
?[0;33m1
Element Local Name:?[0;34mSaleAmount
Text:?[0;32mSaleAmount
?[0;35mFucking shit
?[0;35mFucking shit
?[0;35mFucking shit
?[0;35mFucking shit
?[0;35mFucking shit
?[0;33m1
Element Local Name:?[0;34mActions
Text:?[0;32mActions
?[0;35mFucking shit
?[0;35mFucking shit
?[0;33m1
Element Local Name:?[0;34mSetItemPrice
Text:?[0;32mSetItemPrice
?[0;35mFucking shit
?[0;35mFucking shit
?[0;35mFucking shit
?[0;35mFucking shit
?[0;35mFucking shit
?[0;35mFucking shit
?[0;35mFucking shit
]]></system-out>
  <system-err><![CDATA[]]></system-err>
</testsuite>
